Arguments: 
  /home/nikos/.config/nvm/14.1.0/bin/node /home/nikos/.config/nvm/14.1.0/bin/yarn add -D @types/dom

PATH: 
  /home/nikos/.asdf/shims:/home/nikos/.asdf/bin:/home/nikos/.config/nvm/14.1.0/bin:/usr/local/sbin:/home/nikos/.config/nvm/12.14.1/bin:/home/nikos/.fzf/bin:/home/nikos/.cargo/bin:/home/nikos/.local/bin:/usr/local/bin:/usr/sbin:/usr/bin:/sbin:/bin:/usr/games:/usr/local/games:/snap/bin:/home/nikos/.cargo/bin:/home/nikos/.cabal/bin:/home/nikos/.ghcup/bin:/home/nikos/.gem/ruby/2.6.0/bin:/snap/bin:/home/nikos/.local/bin:/home/nikos/.mybin:/home/nikos/go/bin:/home/nikos/bitcoin/bin/:/home/nikos/.gem/ruby/2.7.0/bin/:/home/nikos/.cargo/bin:/home/nikos/.cabal/bin:/home/nikos/.ghcup/bin:/home/nikos/.gem/ruby/2.6.0/bin:/snap/bin:/home/nikos/.local/bin:/home/nikos/.mybin:/home/nikos/go/bin:/home/nikos/bitcoin/bin/:/home/nikos/.gem/ruby/2.7.0/bin/:/home/nikos/.cargo/bin:/home/nikos/.cabal/bin:/home/nikos/.ghcup/bin:/home/nikos/.gem/ruby/2.6.0/bin:/snap/bin:/home/nikos/.local/bin:/home/nikos/.mybin:/home/nikos/go/bin:/home/nikos/bitcoin/bin/:/home/nikos/.gem/ruby/2.7.0/bin/

Yarn version: 
  1.22.4

Node version: 
  14.1.0

Platform: 
  linux x64

Trace: 
  Error: https://registry.yarnpkg.com/@types%2fdom: Not found
      at Request.params.callback [as _callback] (/home/nikos/.config/nvm/14.1.0/lib/node_modules/yarn/lib/cli.js:66987:18)
      at Request.self.callback (/home/nikos/.config/nvm/14.1.0/lib/node_modules/yarn/lib/cli.js:140748:22)
      at Request.emit (events.js:315:20)
      at Request.<anonymous> (/home/nikos/.config/nvm/14.1.0/lib/node_modules/yarn/lib/cli.js:141720:10)
      at Request.emit (events.js:315:20)
      at IncomingMessage.<anonymous> (/home/nikos/.config/nvm/14.1.0/lib/node_modules/yarn/lib/cli.js:141642:12)
      at Object.onceWrapper (events.js:421:28)
      at IncomingMessage.emit (events.js:327:22)
      at endReadableNT (_stream_readable.js:1223:12)
      at processTicksAndRejections (internal/process/task_queues.js:84:21)

npm manifest: 
  {
    "name": "tombalaApi",
    "version": "0.0.0",
    "main": "index.ts",
    "license": "MIT",
    "private": true
  }

yarn manifest: 
  No manifest

Lockfile: 
  No lockfile
